Using pre-set license
Built from '2020.3/release' branch; Version is '2020.3.27f1 (e759542391ea) revision 15161684'; Using compiler version '192528614'; Build Type 'Release'
OS: 'Windows 10  (10.0.19044) 64bit Core' Language: 'en' Physical Memory: 6060 MB
BatchMode: 1, IsHumanControllingUs: 0, StartBugReporterOnCrash: 0, Is64bit: 1, IsPro: 0

COMMAND LINE ARGUMENTS:
C:\Program Files\Unity\Hub\Editor\2020.3.27f1\Editor\Unity.exe
-adb2
-batchMode
-noUpm
-name
AssetImportWorker0
-projectPath
C:/Users/phili/Documents/unityProject/TP03-Philippe_savignac
-logFile
Logs/AssetImportWorker0.log
-srvPort
57871
Successfully changed project path to: C:/Users/phili/Documents/unityProject/TP03-Philippe_savignac
C:/Users/phili/Documents/unityProject/TP03-Philippe_savignac
Using Asset Import Pipeline V2.
